# JRE version: OpenJDK Runtime Environment (8.0_152-b01) (build 1.8.0_152-release-1012-b01)
# Java VM: OpenJDK 64-Bit Server VM (25.152-b01 mixed mode linux-amd64 compressed oops)
Heap:
 PSYoungGen      total 202240K, used 146024K [0x00000000e0000000, 0x00000000f0380000, 0x0000000100000000)
  eden space 171008K, 84% used [0x00000000e0000000,0x00000000e8cd0338,0x00000000ea700000)
  from space 31232K, 5% used [0x00000000ea700000,0x00000000ea8c9f78,0x00000000ec580000)
  to   space 31232K, 0% used [0x00000000ee500000,0x00000000ee500000,0x00000000f0380000)
 ParOldGen       total 118784K, used 54933K [0x00000000a0000000, 0x00000000a7400000, 0x00000000e0000000)
  object space 118784K, 46% used [0x00000000a0000000,0x00000000a35a55a8,0x00000000a7400000)
 Metaspace       used 60140K, capacity 62852K, committed 62936K, reserved 1103872K
  class space    used 8042K, capacity 8689K, committed 8704K, reserved 1048576K
GC Heap History (10 events):
Event: 105.926 GC heap before
{Heap before GC invocations=12 (full 2):
 PSYoungGen      total 136192K, used 136177K [0x00000000e0000000, 0x00000000eb100000, 0x0000000100000000)
  eden space 123904K, 100% used [0x00000000e0000000,0x00000000e7900000,0x00000000e7900000)
  from space 12288K, 99% used [0x00000000e7900000,0x00000000e84fc470,0x00000000e8500000)
  to   space 14336K, 0% used [0x00000000ea300000,0x00000000ea300000,0x00000000eb100000)
 ParOldGen       total 60416K, used 17431K [0x00000000a0000000, 0x00000000a3b00000, 0x00000000e0000000)
  object space 60416K, 28% used [0x00000000a0000000,0x00000000a1105eb0,0x00000000a3b00000)
 Metaspace       used 52037K, capacity 53904K, committed 54104K, reserved 1095680K
  class space    used 7017K, capacity 7480K, committed 7552K, reserved 1048576K
Event: 105.952 GC heap after
Heap after GC invocations=12 (full 2):
 PSYoungGen      total 162816K, used 14318K [0x00000000e0000000, 0x00000000eb580000, 0x0000000100000000)
  eden space 148480K, 0% used [0x00000000e0000000,0x00000000e0000000,0x00000000e9100000)
  from space 14336K, 99% used [0x00000000ea300000,0x00000000eb0fbbc8,0x00000000eb100000)
  to   space 18432K, 0% used [0x00000000e9100000,0x00000000e9100000,0x00000000ea300000)
 ParOldGen       total 60416K, used 23107K [0x00000000a0000000, 0x00000000a3b00000, 0x00000000e0000000)
  object space 60416K, 38% used [0x00000000a0000000,0x00000000a1690e68,0x00000000a3b00000)
 Metaspace       used 52037K, capacity 53904K, committed 54104K, reserved 1095680K
  class space    used 7017K, capacity 7480K, committed 7552K, reserved 1048576K
}
Event: 138.928 GC heap before
{Heap before GC invocations=13 (full 2):
 PSYoungGen      total 162816K, used 162798K [0x00000000e0000000, 0x00000000eb580000, 0x0000000100000000)
  eden space 148480K, 100% used [0x00000000e0000000,0x00000000e9100000,0x00000000e9100000)
  from space 14336K, 99% used [0x00000000ea300000,0x00000000eb0fbbc8,0x00000000eb100000)
  to   space 18432K, 0% used [0x00000000e9100000,0x00000000e9100000,0x00000000ea300000)
 ParOldGen       total 60416K, used 23107K [0x00000000a0000000, 0x00000000a3b00000, 0x00000000e0000000)
  object space 60416K, 38% used [0x00000000a0000000,0x00000000a1690e68,0x00000000a3b00000)
 Metaspace       used 56212K, capacity 58610K, committed 58840K, reserved 1099776K
  class space    used 7571K, capacity 8171K, committed 8192K, reserved 1048576K
Event: 138.993 GC heap after
Heap after GC invocations=13 (full 2):
 PSYoungGen      total 166912K, used 18422K [0x00000000e0000000, 0x00000000edf80000, 0x0000000100000000)
  eden space 148480K, 0% used [0x00000000e0000000,0x00000000e0000000,0x00000000e9100000)
  from space 18432K, 99% used [0x00000000e9100000,0x00000000ea2fdbb8,0x00000000ea300000)
  to   space 26624K, 0% used [0x00000000ec580000,0x00000000ec580000,0x00000000edf80000)
 ParOldGen       total 60416K, used 37426K [0x00000000a0000000, 0x00000000a3b00000, 0x00000000e0000000)
  object space 60416K, 61% used [0x00000000a0000000,0x00000000a248ca30,0x00000000a3b00000)
 Metaspace       used 56212K, capacity 58610K, committed 58840K, reserved 1099776K
  class space    used 7571K, capacity 8171K, committed 8192K, reserved 1048576K
}
Event: 146.378 GC heap before
{Heap before GC invocations=14 (full 2):
 PSYoungGen      total 166912K, used 162574K [0x00000000e0000000, 0x00000000edf80000, 0x0000000100000000)
  eden space 148480K, 97% used [0x00000000e0000000,0x00000000e8cc5c70,0x00000000e9100000)
  from space 18432K, 99% used [0x00000000e9100000,0x00000000ea2fdbb8,0x00000000ea300000)
  to   space 26624K, 0% used [0x00000000ec580000,0x00000000ec580000,0x00000000edf80000)
 ParOldGen       total 60416K, used 37426K [0x00000000a0000000, 0x00000000a3b00000, 0x00000000e0000000)
  object space 60416K, 61% used [0x00000000a0000000,0x00000000a248ca30,0x00000000a3b00000)
 Metaspace       used 56535K, capacity 58976K, committed 59028K, reserved 1099776K
  class space    used 7597K, capacity 8190K, committed 8192K, reserved 1048576K
Event: 146.431 GC heap after
Heap after GC invocations=14 (full 2):
 PSYoungGen      total 197632K, used 26615K [0x00000000e0000000, 0x00000000eed00000, 0x0000000100000000)
  eden space 171008K, 0% used [0x00000000e0000000,0x00000000e0000000,0x00000000ea700000)
  from space 26624K, 99% used [0x00000000ec580000,0x00000000edf7dc98,0x00000000edf80000)
  to   space 31232K, 0% used [0x00000000ea700000,0x00000000ea700000,0x00000000ec580000)
 ParOldGen       total 60416K, used 37886K [0x00000000a0000000, 0x00000000a3b00000, 0x00000000e0000000)
  object space 60416K, 62% used [0x00000000a0000000,0x00000000a24ffbf0,0x00000000a3b00000)
 Metaspace       used 56535K, capacity 58976K, committed 59028K, reserved 1099776K
  class space    used 7597K, capacity 8190K, committed 8192K, reserved 1048576K
}
Event: 146.689 GC heap before
{Heap before GC invocations=15 (full 3):
 PSYoungGen      total 197632K, used 26615K [0x00000000e0000000, 0x00000000eed00000, 0x0000000100000000)
  eden space 171008K, 0% used [0x00000000e0000000,0x00000000e0000000,0x00000000ea700000)
  from space 26624K, 99% used [0x00000000ec580000,0x00000000edf7dc98,0x00000000edf80000)
  to   space 31232K, 0% used [0x00000000ea700000,0x00000000ea700000,0x00000000ec580000)
 ParOldGen       total 60416K, used 37886K [0x00000000a0000000, 0x00000000a3b00000, 0x00000000e0000000)
  object space 60416K, 62% used [0x00000000a0000000,0x00000000a24ffbf0,0x00000000a3b00000)
 Metaspace       used 56535K, capacity 58976K, committed 59028K, reserved 1099776K
  class space    used 7597K, capacity 8190K, committed 8192K, reserved 1048576K
Event: 147.515 GC heap after
Heap after GC invocations=15 (full 3):
 PSYoungGen      total 197632K, used 0K [0x00000000e0000000, 0x00000000eed00000, 0x0000000100000000)
  eden space 171008K, 0% used [0x00000000e0000000,0x00000000e0000000,0x00000000ea700000)
  from space 26624K, 0% used [0x00000000ec580000,0x00000000ec580000,0x00000000edf80000)
  to   space 31232K, 0% used [0x00000000ea700000,0x00000000ea700000,0x00000000ec580000)
 ParOldGen       total 118784K, used 54925K [0x00000000a0000000, 0x00000000a7400000, 0x00000000e0000000)
  object space 118784K, 46% used [0x00000000a0000000,0x00000000a35a35a8,0x00000000a7400000)
 Metaspace       used 56535K, capacity 58976K, committed 59028K, reserved 1099776K
  class space    used 7597K, capacity 8190K, committed 8192K, reserved 1048576K
}
Event: 156.024 GC heap before
{Heap before GC invocations=16 (full 3):
 PSYoungGen      total 197632K, used 171008K [0x00000000e0000000, 0x00000000eed00000, 0x0000000100000000)
  eden space 171008K, 100% used [0x00000000e0000000,0x00000000ea700000,0x00000000ea700000)
  from space 26624K, 0% used [0x00000000ec580000,0x00000000ec580000,0x00000000edf80000)
  to   space 31232K, 0% used [0x00000000ea700000,0x00000000ea700000,0x00000000ec580000)
 ParOldGen       total 118784K, used 54925K [0x00000000a0000000, 0x00000000a7400000, 0x00000000e0000000)
  object space 118784K, 46% used [0x00000000a0000000,0x00000000a35a35a8,0x00000000a7400000)
 Metaspace       used 57896K, capacity 60416K, committed 60632K, reserved 1101824K
  class space    used 7761K, capacity 8376K, committed 8448K, reserved 1048576K
Event: 156.031 GC heap after
Heap after GC invocations=16 (full 3):
 PSYoungGen      total 202240K, used 1831K [0x00000000e0000000, 0x00000000f0380000, 0x0000000100000000)
  eden space 171008K, 0% used [0x00000000e0000000,0x00000000e0000000,0x00000000ea700000)
  from space 31232K, 5% used [0x00000000ea700000,0x00000000ea8c9f78,0x00000000ec580000)
  to   space 31232K, 0% used [0x00000000ee500000,0x00000000ee500000,0x00000000f0380000)
 ParOldGen       total 118784K, used 54933K [0x00000000a0000000, 0x00000000a7400000, 0x00000000e0000000)
  object space 118784K, 46% used [0x00000000a0000000,0x00000000a35a55a8,0x00000000a7400000)
 Metaspace       used 57896K, capacity 60416K, committed 60632K, reserved 1101824K
  class space    used 7761K, capacity 8376K, committed 8448K, reserved 1048576K
}

